<?xml version="1.0" encoding="UTF-8"?>
<testsuite xmlns:xsi="http://www.w3.org/2001/XMLSchema-instance" xsi:noNamespaceSchemaLocation="https://maven.apache.org/surefire/maven-surefire-plugin/xsd/surefire-test-report-3.0.xsd" version="3.0" name="org.example.AppTest" time="0.014" tests="1" errors="0" skipped="0" failures="0">
  <properties>
    <property name="java.specification.version" value="17"/>
    <property name="sun.cpu.isalist" value="amd64"/>
    <property name="sun.jnu.encoding" value="Cp1252"/>
    <property name="java.class.path" value="D:\CDAC PROJECT\Skill_Sphere Version 2 try\Problem1\target\test-classes;D:\CDAC PROJECT\Skill_Sphere Version 2 try\Problem1\target\classes;C:\Users\Shubham Rokade\.m2\repository\junit\junit\3.8.1\junit-3.8.1.jar;C:\Users\Shubham Rokade\.m2\repository\com\google\code\gson\gson\2.8.9\gson-2.8.9.jar;"/>
    <property name="java.vm.vendor" value="JetBrains s.r.o."/>
    <property name="sun.arch.data.model" value="64"/>
    <property name="user.variant" value=""/>
    <property name="java.vendor.url" value="https://openjdk.java.net/"/>
    <property name="user.timezone" value="Asia/Calcutta"/>
    <property name="os.name" value="Windows 10"/>
    <property name="java.vm.specification.version" value="17"/>
    <property name="sun.java.launcher" value="SUN_STANDARD"/>
    <property name="user.country" value="IN"/>
    <property name="sun.boot.library.path" value="C:\Users\Shubham Rokade\.jdks\jbr-17.0.9\bin"/>
    <property name="sun.java.command" value="C:\Users\Shubham Rokade\AppData\Local\Temp\surefire7315742063630597427\surefirebooter-20240828214059290_3.jar C:\Users\Shubham Rokade\AppData\Local\Temp\surefire7315742063630597427 2024-08-28T21-40-59_170-jvmRun1 surefire-20240828214059290_1tmp surefire_0-20240828214059290_2tmp"/>
    <property name="jdk.debug" value="release"/>
    <property name="surefire.test.class.path" value="D:\CDAC PROJECT\Skill_Sphere Version 2 try\Problem1\target\test-classes;D:\CDAC PROJECT\Skill_Sphere Version 2 try\Problem1\target\classes;C:\Users\Shubham Rokade\.m2\repository\junit\junit\3.8.1\junit-3.8.1.jar;C:\Users\Shubham Rokade\.m2\repository\com\google\code\gson\gson\2.8.9\gson-2.8.9.jar;"/>
    <property name="sun.cpu.endian" value="little"/>
    <property name="user.home" value="C:\Users\Shubham Rokade"/>
    <property name="user.language" value="en"/>
    <property name="java.specification.vendor" value="Oracle Corporation"/>
    <property name="java.version.date" value="2023-10-17"/>
    <property name="java.home" value="C:\Users\Shubham Rokade\.jdks\jbr-17.0.9"/>
    <property name="file.separator" value="\"/>
    <property name="basedir" value="D:\CDAC PROJECT\Skill_Sphere Version 2 try\Problem1"/>
    <property name="java.vm.compressedOopsMode" value="Zero based"/>
    <property name="line.separator" value="&#10;"/>
    <property name="java.vm.specification.vendor" value="Oracle Corporation"/>
    <property name="java.specification.name" value="Java Platform API Specification"/>
    <property name="jbr.virtualization.information" value="Hyper-V role"/>
    <property name="surefire.real.class.path" value="C:\Users\Shubham Rokade\AppData\Local\Temp\surefire7315742063630597427\surefirebooter-20240828214059290_3.jar"/>
    <property name="user.script" value=""/>
    <property name="sun.management.compiler" value="HotSpot 64-Bit Tiered Compilers"/>
    <property name="java.runtime.version" value="17.0.9+8-b1166.2"/>
    <property name="user.name" value="Shubham Rokade"/>
    <property name="path.separator" value=";"/>
    <property name="os.version" value="10.0"/>
    <property name="java.runtime.name" value="OpenJDK Runtime Environment"/>
    <property name="file.encoding" value="Cp1252"/>
    <property name="java.vm.name" value="OpenJDK 64-Bit Server VM"/>
    <property name="java.vendor.version" value="JBR-17.0.9+8-1166.2-nomod"/>
    <property name="localRepository" value="C:\Users\Shubham Rokade\.m2\repository"/>
    <property name="java.vendor.url.bug" value="https://bugreport.java.com/bugreport/"/>
    <property name="java.io.tmpdir" value="C:\Users\SHUBHA~1\AppData\Local\Temp\"/>
    <property name="idea.version" value="2024.1.2"/>
    <property name="java.version" value="17.0.9"/>
    <property name="user.dir" value="D:\CDAC PROJECT\Skill_Sphere Version 2 try\Problem1"/>
    <property name="os.arch" value="amd64"/>
    <property name="java.vm.specification.name" value="Java Virtual Machine Specification"/>
    <property name="sun.os.patch.level" value=""/>
    <property name="native.encoding" value="Cp1252"/>
    <property name="java.library.path" value="C:\Users\Shubham Rokade\.jdks\jbr-17.0.9\bin;C:\Windows\Sun\Java\bin;C:\Windows\system32;C:\Windows;C:\Program Files\Java\jdk-11\bin;C:\Program Files\Common Files\Oracle\Java\javapath;C:\Python 3.9.2\Scripts\;C:\Python 3.9.2\;C:\Windows\system32;C:\Windows;C:\Windows\System32\Wbem;C:\Windows\System32\WindowsPowerShell\v1.0\;C:\Windows\System32\OpenSSH\;C:\Program Files (x86)\NVIDIA Corporation\PhysX\Common;C:\Program Files\NVIDIA Corporation\NVIDIA NvDLISR;C:\Program Files\Azure Data Studio\bin;C:\Users\Shubham Rokade\AppData\Local\GitHubDesktop\app-2.9.4\resources\app\git\cmd;C:\Program Files\Git\cmd;C:\Users\Shubham Rokade\AppData\Roaming\nvm;C:\Program Files\nodejs;C:\Program Files\nodejs\;C:\Program Files\Docker\Docker\resources\bin;C:\Program Files\MySQL\MySQL Server 8.0\bin;C:\Program Files\MongoDB\Server\7.0\bin;C:\Program Files\dotnet\;C:\Program Files\Microsoft SQL Server\150\Tools\Binn\;C:\Program Files\Microsoft SQL Server\Client SDK\ODBC\170\Tools\Binn\;%JAVA_HOME%\bin;C:\Program Files\MySQL\MySQL Shell 8.0\bin\;C:\Users\Shubham Rokade\AppData\Local\Programs\Python\Python311\Scripts\;C:\Users\Shubham Rokade\AppData\Local\Programs\Python\Python311\;C:\Users\Shubham Rokade\AppData\Local\Programs\Python\Python310\Scripts\;C:\Users\Shubham Rokade\AppData\Local\Programs\Python\Python310\;C:\Users\Shubham Rokade\AppData\Local\Programs\Python\Python38-32\Scripts\;C:\Users\Shubham Rokade\AppData\Local\Programs\Python\Python38-32\;C:\Users\Shubham Rokade\AppData\Local\Microsoft\WindowsApps;C:\Program Files\Azure Data Studio\bin;C:\Users\Shubham Rokade\AppData\Local\GitHubDesktop\bin;C:\Program Files\sfdx\bin;C:\Program Files\JetBrains\PyCharm Community Edition 2022.1.4\bin;;C:\Users\Shubham Rokade\AppData\Local\Programs\Microsoft VS Code\bin;C:\msys64\mingw64\bin;C:\Users\Shubham Rokade\AppData\Roaming\nvm;C:\Program Files\nodejs;C:\Users\Shubham Rokade\AppData\Roaming\npm;C:\Program Files\JetBrains\IntelliJ IDEA 2024.1.2\bin;;C:\Program Files\JetBrains\IntelliJ IDEA Community Edition 2024.1.2\bin;;C:\Program Files\mongosh\;C:\Users\Shubham Rokade\.dotnet\tools;."/>
    <property name="java.vm.info" value="mixed mode"/>
    <property name="java.vendor" value="JetBrains s.r.o."/>
    <property name="java.vm.version" value="17.0.9+8-b1166.2"/>
    <property name="sun.io.unicode.encoding" value="UnicodeLittle"/>
    <property name="java.class.version" value="61.0"/>
  </properties>
  <testcase name="testApp" classname="org.example.AppTest" time="0.002"/>
</testsuite>